<?xml version="1.0" encoding="UTF-8"?>
<!-- Generated by org.testng.reporters.JUnitReportReporter -->
<testsuite hostname="DESKTOP-5TSVV6M" failures="0" tests="1" name="com.sbstore.test.SearchProductTest" time="0.206" errors="0" timestamp="2025-08-15T15:39:02 PKT" skipped="0">
  <testcase classname="com.sbstore.test.SearchProductTest" name="searchingproduct" time="0.206"/>
</testsuite> <!-- com.sbstore.test.SearchProductTest -->
