<?xml version="1.0" encoding="UTF-8"?>
<!-- Generated by org.testng.reporters.JUnitReportReporter -->
<testsuite hostname="DESKTOP-5TSVV6M" failures="0" tests="5" name="com.sbstore.test.LoginTest" time="82.616" errors="0" timestamp="2025-09-11T23:21:55 PKT" skipped="0">
  <testcase classname="com.sbstore.test.LoginTest" name="loginwithvalidcredentials" time="19.845"/>
  <testcase classname="com.sbstore.test.LoginTest" name="Selectingthecategory" time="19.186"/>
  <testcase classname="com.sbstore.test.LoginTest" name="SelectingtheSubCategory" time="15.716"/>
  <testcase classname="com.sbstore.test.LoginTest" name="Addingtocartproduct" time="1.084"/>
  <testcase classname="com.sbstore.test.LoginTest" name="GoingBacktohomepage" time="26.785"/>
</testsuite> <!-- com.sbstore.test.LoginTest -->
