<?xml version="1.0" encoding="UTF-8"?>
<!-- Generated by org.testng.reporters.JUnitReportReporter -->
<testsuite hostname="DESKTOP-5TSVV6M" failures="0" tests="1" name="com.sbstore.test.HomeTest" time="0.059" errors="0" timestamp="2025-09-11T23:21:55 PKT" skipped="0">
  <testcase classname="com.sbstore.test.HomeTest" name="checklogo" time="0.059"/>
</testsuite> <!-- com.sbstore.test.HomeTest -->
